<?xml version="1.0" encoding="UTF-8"?>
<!-- Generated by org.testng.reporters.JUnitReportReporter -->
<testsuite hostname="DESKTOP-9BN1Q89" failures="0" tests="2" name="greenKart_TestCases.gk_Oem_Test" time="17.701" errors="0" timestamp="2023-04-14T19:02:37 IST" skipped="0">
  <testcase classname="greenKart_TestCases.gk_Oem_Test" name="title_logo_Verification_Test" time="7.103"/>
  <system-out/>
  <testcase classname="greenKart_TestCases.gk_Oem_Test" name="increase_Decrease_Veg" time="10.598"/>
  <system-out/>
</testsuite> <!-- greenKart_TestCases.gk_Oem_Test -->
