<?xml version="1.0" encoding="UTF-8"?>
<!-- Generated by org.testng.reporters.JUnitReportReporter -->
<testsuite hostname="DESKTOP-9BN1Q89" failures="0" tests="1" name="greenKart_TestCases.gk_Order_OneQuantity_Vegetable" time="10.699" errors="0" timestamp="2023-04-03T14:08:35 IST" skipped="0">
  <testcase classname="greenKart_TestCases.gk_Order_OneQuantity_Vegetable" name="buyvegetable" time="10.699"/>
  <system-out/>
</testsuite> <!-- greenKart_TestCases.gk_Order_OneQuantity_Vegetable -->
