<?xml version="1.0" encoding="UTF-8"?>
<!-- Generated by org.testng.reporters.JUnitReportReporter -->
<testsuite hostname="DESKTOP-9BN1Q89" failures="0" tests="1" name="greenKart_TestCases.gk_Order_Vegetable_Test" time="26.546" errors="0" timestamp="2023-04-14T19:05:31 IST" skipped="0">
  <testcase classname="greenKart_TestCases.gk_Order_Vegetable_Test" name="gk_Invalid_Code" time="26.546"/>
  <system-out/>
</testsuite> <!-- greenKart_TestCases.gk_Order_Vegetable_Test -->
