<?xml version="1.0" encoding="UTF-8"?>
<!-- Generated by org.testng.reporters.JUnitReportReporter -->
<testsuite hostname="DESKTOP-9BN1Q89" failures="0" tests="2" name="greenKart_TestCases.gk_Top_Deal_Test" time="13.758" errors="0" timestamp="2023-04-14T19:02:37 IST" skipped="0">
  <testcase classname="greenKart_TestCases.gk_Top_Deal_Test" name="verify_Open_Topdeal" time="6.793"/>
  <system-out/>
  <testcase classname="greenKart_TestCases.gk_Top_Deal_Test" name="verify_Last_Button_Functionality" time="6.965"/>
  <system-out/>
</testsuite> <!-- greenKart_TestCases.gk_Top_Deal_Test -->
