<?xml version="1.0" encoding="UTF-8"?>
<!-- Generated by org.testng.reporters.JUnitReportReporter -->
<testsuite hostname="DESKTOP-9BN1Q89" failures="0" tests="1" name="resources_Utility.excel_Read" time="1.535" errors="0" timestamp="2023-04-12T13:50:54 IST" skipped="0">
  <testcase classname="resources_Utility.excel_Read" name="getFormattedCellData" time="1.535"/>
  <system-out/>
</testsuite> <!-- resources_Utility.excel_Read -->
