<?xml version="1.0" encoding="UTF-8"?>
<!-- Generated by org.testng.reporters.JUnitReportReporter -->
<testsuite hostname="DESKTOP-9BN1Q89" failures="0" tests="1" name="greenKart_TestCases.c" time="0.084" errors="0" timestamp="2023-04-13T11:43:05 IST" skipped="0">
  <testcase classname="greenKart_TestCases.c" name="currentDT" time="0.084"/>
  <system-out/>
</testsuite> <!-- greenKart_TestCases.c -->
