<?xml version="1.0" encoding="UTF-8"?>
<!-- Generated by org.testng.reporters.JUnitReportReporter -->
<testsuite hostname="DESKTOP-9BN1Q89" failures="0" tests="4" name="greenKart_TestCases.gk_Oem_Test" time="29.069" errors="0" timestamp="2023-04-04T06:48:56 IST" skipped="0">
  <testcase classname="greenKart_TestCases.gk_Oem_Test" name="click_On_Cart_Icon_Without_Adding_Veg" time="10.179"/>
  <system-out/>
  <testcase classname="greenKart_TestCases.gk_Oem_Test" name="gk_top_Deals" time="7.050"/>
  <system-out/>
  <testcase classname="greenKart_TestCases.gk_Oem_Test" name="increase_Decrease_Veg" time="5.679"/>
  <system-out/>
  <testcase classname="greenKart_TestCases.gk_Oem_Test" name="title_logo_Verification_Test" time="6.161"/>
  <system-out/>
</testsuite> <!-- greenKart_TestCases.gk_Oem_Test -->
